<?xml version="1.0" encoding="UTF-8"?>
<!-- Generated by org.testng.reporters.JUnitReportReporter -->
<testsuite hostname="LAPTOP-3VE0IGJG" failures="0" tests="1" name="testngexample.ExpWdTestng" time="7.430" errors="0" timestamp="18 Mar 2024 19:04:32 GMT">
  <testcase classname="testngexample.ExpWdTestng" name="Tc001" time="7.430"/>
</testsuite> <!-- testngexample.ExpWdTestng -->
