<?xml version="1.0" encoding="UTF-8"?>
<!-- Generated by org.testng.reporters.JUnitReportReporter -->
<testsuite hostname="LAPTOP-3VE0IGJG" failures="0" tests="1" name="com.hrms.testscripts.TC002" time="10.629" errors="0" timestamp="20 Mar 2024 07:41:13 GMT">
  <testcase classname="com.hrms.testscripts.TC002" name="tc002" time="10.629"/>
</testsuite> <!-- com.hrms.testscripts.TC002 -->
