<?xml version="1.0" encoding="UTF-8"?>
<!-- Generated by org.testng.reporters.JUnitReportReporter -->
<testsuite hostname="LAPTOP-3VE0IGJG" failures="0" tests="1" name="testngexample.ExampleTestng" time="0.012" errors="0" timestamp="18 Mar 2024 19:04:32 GMT">
  <testcase classname="testngexample.ExampleTestng" name="login" time="0.012"/>
</testsuite> <!-- testngexample.ExampleTestng -->
