<?xml version="1.0" encoding="UTF-8"?>
<!-- Generated by org.testng.reporters.JUnitReportReporter -->
<testsuite hostname="LAPTOP-3VE0IGJG" failures="0" tests="1" name="com.hrms.testscripts.TC001" time="9.590" errors="0" timestamp="20 Mar 2024 07:35:46 GMT">
  <testcase classname="com.hrms.testscripts.TC001" name="tcoo1" time="9.590"/>
</testsuite> <!-- com.hrms.testscripts.TC001 -->
