<?xml version="1.0" encoding="UTF-8"?>
<!-- Generated by org.testng.reporters.JUnitReportReporter -->
<testsuite hostname="LAPTOP-3VE0IGJG" failures="0" tests="1" name="testngexample.ExpTestng1" time="0.003" errors="0" timestamp="18 Mar 2024 19:04:32 GMT">
  <testcase classname="testngexample.ExpTestng1" name="bcde" time="0.003"/>
</testsuite> <!-- testngexample.ExpTestng1 -->
